Habit_Station/app/build/outputs/logs/manifest-merger-debug-report.txt
-- Merging decision tree log ---
manifest
ADDED from src/main/AndroidManifest.xml:6:1-51:12
	package
		ADDED from src/main/AndroidManifest.xml:7:5-39
		INJECTED from src/main/AndroidManifest.xml
		INJECTED from src/main/AndroidManifest.xml
	android:versionName
		INJECTED from src/main/AndroidManifest.xml
		INJECTED from src/main/AndroidManifest.xml
	xmlns:android
		ADDED from src/main/AndroidManifest.xml:6:11-69
	android:versionCode
		INJECTED from src/main/AndroidManifest.xml
		INJECTED from src/main/AndroidManifest.xml
uses-permission#android.permission.INTERNET
ADDED from src/main/AndroidManifest.xml:9:5-67
	android:name
		ADDED from src/main/AndroidManifest.xml:9:22-64
application
ADDED from src/main/AndroidManifest.xml:11:5-49:19
MERGED from [com.android.support.constraint:constraint-layout:1.0.2] AndroidManifest.xml:9:5-20
MERGED from [com.android.support:design:26.0.0-alpha1] AndroidManifest.xml:29:5-20
MERGED from [com.android.support:appcompat-v7:26.0.0-alpha1] AndroidManifest.xml:29:5-20
MERGED from [com.android.support:animated-vector-drawable:26.0.0-alpha1] AndroidManifest.xml:26:5-20
MERGED from [com.android.support:support-vector-drawable:26.0.0-alpha1] AndroidManifest.xml:26:5-20
MERGED from [com.android.support:transition:26.0.0-alpha1] AndroidManifest.xml:26:5-20
MERGED from [com.android.support:support-v4:26.0.0-alpha1] AndroidManifest.xml:29:5-20
MERGED from [com.android.support:support-media-compat:26.0.0-alpha1] AndroidManifest.xml:29:5-20
MERGED from [com.android.support:support-fragment:26.0.0-alpha1] AndroidManifest.xml:29:5-20
MERGED from [com.android.support:support-core-ui:26.0.0-alpha1] AndroidManifest.xml:29:5-20
MERGED from [com.android.support:support-core-utils:26.0.0-alpha1] AndroidManifest.xml:29:5-20
MERGED from [com.android.support:support-compat:26.0.0-alpha1] AndroidManifest.xml:29:5-20
	android:label
		ADDED from src/main/AndroidManifest.xml:14:9-41
	android:supportsRtl
		ADDED from src/main/AndroidManifest.xml:16:9-35
	android:roundIcon
		ADDED from src/main/AndroidManifest.xml:15:9-54
	android:allowBackup
		ADDED from src/main/AndroidManifest.xml:12:9-35
	android:icon
		ADDED from src/main/AndroidManifest.xml:13:9-43
	android:theme
		ADDED from src/main/AndroidManifest.xml:17:9-40
activity#com.tiejun.habit_station.SignUpActivity
ADDED from src/main/AndroidManifest.xml:18:9-21:59
	android:label
		ADDED from src/main/AndroidManifest.xml:20:13-45
	android:theme
		ADDED from src/main/AndroidManifest.xml:21:13-56
	android:name
		ADDED from src/main/AndroidManifest.xml:19:13-43
activity#com.tiejun.habit_station.SignInActivity
ADDED from src/main/AndroidManifest.xml:22:9-28:20
	android:name
		ADDED from src/main/AndroidManifest.xml:22:19-49
intent-filter#android.intent.action.MAIN+android.intent.category.LAUNCHER
ADDED from src/main/AndroidManifest.xml:23:13-27:29
action#android.intent.action.MAIN
ADDED from src/main/AndroidManifest.xml:24:17-69
	android:name
		ADDED from src/main/AndroidManifest.xml:24:25-66
category#android.intent.category.LAUNCHER
ADDED from src/main/AndroidManifest.xml:26:17-77
	android:name
		ADDED from src/main/AndroidManifest.xml:26:27-74
activity#com.tiejun.habit_station.MainPageActivity
ADDED from src/main/AndroidManifest.xml:29:9-54
	android:name
		ADDED from src/main/AndroidManifest.xml:29:19-51
activity#com.tiejun.habit_station.ViewTodayPlanActivity
ADDED from src/main/AndroidManifest.xml:30:9-59
	android:name
		ADDED from src/main/AndroidManifest.xml:30:19-56
activity#com.tiejun.habit_station.HabitLibraryActivity
ADDED from src/main/AndroidManifest.xml:31:9-58
	android:name
		ADDED from src/main/AndroidManifest.xml:31:19-55
activity#com.tiejun.habit_station.AddHabitActivity
ADDED from src/main/AndroidManifest.xml:32:9-54
	android:name
		ADDED from src/main/AndroidManifest.xml:32:19-51
activity#com.tiejun.habit_station.ViewHabitActivity
ADDED from src/main/AndroidManifest.xml:33:9-55
	android:name
		ADDED from src/main/AndroidManifest.xml:33:19-52
activity#com.tiejun.habit_station.StatusActivity
ADDED from src/main/AndroidManifest.xml:34:9-52
	android:name
		ADDED from src/main/AndroidManifest.xml:34:19-49
activity#com.tiejun.habit_station.EditHabitActivity
ADDED from src/main/AndroidManifest.xml:35:9-55
	android:name
		ADDED from src/main/AndroidManifest.xml:35:19-52
activity#com.tiejun.habit_station.HabitEventLibraryActivity
ADDED from src/main/AndroidManifest.xml:36:9-63
	android:name
		ADDED from src/main/AndroidManifest.xml:36:19-60
activity#com.tiejun.habit_station.EditHabitEventActivity
ADDED from src/main/AndroidManifest.xml:37:9-60
	android:name
		ADDED from src/main/AndroidManifest.xml:37:19-57
activity#com.tiejun.habit_station.PhotoGalleryActivity
ADDED from src/main/AndroidManifest.xml:38:9-58
	android:name
		ADDED from src/main/AndroidManifest.xml:38:19-55
activity#com.tiejun.habit_station.MyProfileActivity
ADDED from src/main/AndroidManifest.xml:39:9-55
	android:name
		ADDED from src/main/AndroidManifest.xml:39:19-52
activity#com.tiejun.habit_station.NearbyActivity
ADDED from src/main/AndroidManifest.xml:40:9-52
	android:name
		ADDED from src/main/AndroidManifest.xml:40:19-49
activity#com.tiejun.habit_station.LifeCircleActivity
ADDED from src/main/AndroidManifest.xml:41:9-56
	android:name
		ADDED from src/main/AndroidManifest.xml:41:19-53
activity#com.tiejun.habit_station.AddFriendActivity
ADDED from src/main/AndroidManifest.xml:42:9-55
	android:name
		ADDED from src/main/AndroidManifest.xml:42:19-52
activity#com.tiejun.habit_station.FriendsActivity
ADDED from src/main/AndroidManifest.xml:43:9-53
	android:name
		ADDED from src/main/AndroidManifest.xml:43:19-50
activity#com.tiejun.habit_station.FriendsStatusActivity
ADDED from src/main/AndroidManifest.xml:44:9-59
	android:name
		ADDED from src/main/AndroidManifest.xml:44:19-56
activity#com.tiejun.habit_station.FriendsMapActivity
ADDED from src/main/AndroidManifest.xml:45:9-56
	android:name
		ADDED from src/main/AndroidManifest.xml:45:19-53
activity#com.tiejun.habit_station.HabitHistoryActivity
ADDED from src/main/AndroidManifest.xml:46:9-58
	android:name
		ADDED from src/main/AndroidManifest.xml:46:19-55
activity#com.tiejun.habit_station.MyEventMapActivity
ADDED from src/main/AndroidManifest.xml:47:9-56
	android:name
		ADDED from src/main/AndroidManifest.xml:47:19-53
activity#com.tiejun.habit_station.ViewEventActivity
ADDED from src/main/AndroidManifest.xml:48:9-64
	android:name
		ADDED from src/main/AndroidManifest.xml:48:19-52
uses-sdk
INJECTED from src/main/AndroidManifest.xml reason: use-sdk injection requested
MERGED from [com.android.support.constraint:constraint-layout:1.0.2] AndroidManifest.xml:5:5-7:41
MERGED from [com.android.support:design:26.0.0-alpha1] AndroidManifest.xml:21:5-23:62
MERGED from [com.android.support:appcompat-v7:26.0.0-alpha1] AndroidManifest.xml:21:5-23:78
MERGED from [com.android.support:animated-vector-drawable:26.0.0-alpha1] AndroidManifest.xml:20:5-44
MERGED from [com.android.support:support-vector-drawable:26.0.0-alpha1] AndroidManifest.xml:20:5-44
MERGED from [com.android.support:recyclerview-v7:26.0.0-alpha1] AndroidManifest.xml:20:5-44
MERGED from [com.android.support:transition:26.0.0-alpha1] AndroidManifest.xml:20:5-44
MERGED from [com.android.support:support-v4:26.0.0-alpha1] AndroidManifest.xml:21:5-23:54
MERGED from [com.android.support:support-media-compat:26.0.0-alpha1] AndroidManifest.xml:21:5-23:63
MERGED from [com.android.support:support-fragment:26.0.0-alpha1] AndroidManifest.xml:21:5-23:60
MERGED from [com.android.support:support-core-ui:26.0.0-alpha1] AndroidManifest.xml:21:5-23:58
MERGED from [com.android.support:support-core-utils:26.0.0-alpha1] AndroidManifest.xml:21:5-23:61
MERGED from [com.android.support:support-compat:26.0.0-alpha1] AndroidManifest.xml:21:5-23:58
	tools:overrideLibrary
		ADDED from [com.android.support:design:26.0.0-alpha1] AndroidManifest.xml:23:9-59
	android:targetSdkVersion
		INJECTED from src/main/AndroidManifest.xml
		INJECTED from src/main/AndroidManifest.xml
	android:minSdkVersion
		INJECTED from src/main/AndroidManifest.xml
		INJECTED from src/main/AndroidManifest.xml
meta-data#android.support.VERSION
ADDED from [com.android.support:design:26.0.0-alpha1] AndroidManifest.xml:25:5-27:41
MERGED from [com.android.support:appcompat-v7:26.0.0-alpha1] AndroidManifest.xml:25:5-27:41
MERGED from [com.android.support:animated-vector-drawable:26.0.0-alpha1] AndroidManifest.xml:22:5-24:41
MERGED from [com.android.support:support-vector-drawable:26.0.0-alpha1] AndroidManifest.xml:22:5-24:41
MERGED from [com.android.support:recyclerview-v7:26.0.0-alpha1] AndroidManifest.xml:22:5-24:41
MERGED from [com.android.support:transition:26.0.0-alpha1] AndroidManifest.xml:22:5-24:41
MERGED from [com.android.support:support-v4:26.0.0-alpha1] AndroidManifest.xml:25:5-27:41
MERGED from [com.android.support:support-media-compat:26.0.0-alpha1] AndroidManifest.xml:25:5-27:41
MERGED from [com.android.support:support-fragment:26.0.0-alpha1] AndroidManifest.xml:25:5-27:41
MERGED from [com.android.support:support-core-ui:26.0.0-alpha1] AndroidManifest.xml:25:5-27:41
MERGED from [com.android.support:support-core-utils:26.0.0-alpha1] AndroidManifest.xml:25:5-27:41
MERGED from [com.android.support:support-compat:26.0.0-alpha1] AndroidManifest.xml:25:5-27:41
	android:value
		ADDED from [com.android.support:design:26.0.0-alpha1] AndroidManifest.xml:27:9-38
	android:name
		ADDED from [com.android.support:design:26.0.0-alpha1] AndroidManifest.xml:26:9-47